[prun] Master compute host = n232-174
[prun] Resource manager = slurm
[prun] Launch cmd = mpirun ./a.out (family=openmpi4)
A: 0.000000, B: 999999986991104.000000, N:1000000000
A: 0.000000, B: 999999986991104.000000, N:1000000000
A: 0.000000, B: 999999986991104.000000, N:1000000000
A: 0.000000, B: 999999986991104.000000, N:1000000000
A: 0.000000, B: 999999986991104.000000, N:1000000000
A: 0.000000, B: 999999986991104.000000, N:1000000000
A: 0.000000, B: 999999986991104.000000, N:1000000000
A: 0.000000, B: 999999986991104.000000, N:1000000000
A: 0.000000, B: 999999986991104.000000, N:1000000000
Soy 7 inicio y fin son 700000011026432.000000 - 800000003014656.000000 integral ini es 8388608000000.000000 h 1000000.000000 
Soy 3 inicio y fin son 300000009519104.000000 - 400000001507328.000000 integral ini es 33554432000000.000000 h 1000000.000000 
Soy 1 inicio y fin son 100000000376832.000000 - 200000000753664.000000 integral ini es 16777216000000.000000 h 1000000.000000 
Soy 4 inicio y fin son 400000001507328.000000 - 499999993495552.000000 integral ini es 4194304000000.000000 h 1000000.000000 
Soy 6 inicio y fin son 600000019038208.000000 - 700000011026432.000000 integral ini es 33554432000000.000000 h 1000000.000000 
Soy 9 inicio y fin son 899999995002880.000000 - 999999986991104.000000 integral ini es -33554432000000.000000 h 1000000.000000 
Soy 5 inicio y fin son 499999993495552.000000 - 600000019038208.000000 integral ini es -8388608000000.000000 h 1000000.000000 
Soy 8 inicio y fin son 800000003014656.000000 - 899999995002880.000000 integral ini es -4194304000000.000000 h 1000000.000000 
Soy 0 inicio y fin son 0.000000 - 100000000376832.000000 integral ini es 33554432000000.000000 h 1000000.000000 
Con 1000000000 trapezoides la estimacion es de 50331648000000.000000
El programa ha durado 12.135790 segundos
Soy 2 inicio y fin son 200000000753664.000000 - 300000009519104.000000 integral ini es -33554432000000.000000 h 1000000.000000 
