[prun] Master compute host = n232-174
[prun] Resource manager = slurm
[prun] Launch cmd = mpirun ./a.out (family=openmpi4)
A: 0.000000, B: 999999986991104.000000, N:1000000000
A: 0.000000, B: 999999986991104.000000, N:1000000000
A: 0.000000, B: 999999986991104.000000, N:1000000000
A: 0.000000, B: 999999986991104.000000, N:1000000000
A: 0.000000, B: 999999986991104.000000, N:1000000000
A: 0.000000, B: 999999986991104.000000, N:1000000000
A: 0.000000, B: 999999986991104.000000, N:1000000000
Soy 7 inicio y fin son 874999997005824.000000 - 999999986991104.000000 integral ini es -16777216000000.000000 h 1000000.000000 
Soy 3 inicio y fin son 375000003510272.000000 - 499999993495552.000000 integral ini es 8388608000000.000000 h 1000000.000000 
Soy 5 inicio y fin son 625000017035264.000000 - 750000007020544.000000 integral ini es 33554432000000.000000 h 1000000.000000 
Soy 2 inicio y fin son 249999996747776.000000 - 375000003510272.000000 integral ini es -16777216000000.000000 h 1000000.000000 
Soy 1 inicio y fin son 124999998373888.000000 - 249999996747776.000000 integral ini es 33554432000000.000000 h 1000000.000000 
Soy 6 inicio y fin son 750000007020544.000000 - 874999997005824.000000 integral ini es 2097152000000.000000 h 1000000.000000 
Soy 0 inicio y fin son 0.000000 - 124999998373888.000000 integral ini es 33554432000000.000000 h 1000000.000000 
Con 1000000000 trapezoides la estimacion es de 69206016000000.000000
El programa ha durado 15.106743 segundos
Soy 4 inicio y fin son 499999993495552.000000 - 625000017035264.000000 integral ini es -8388608000000.000000 h 1000000.000000 
